<?xml version="1.0" encoding="utf-8"?><testsuites name="pytest tests"><testsuite name="pytest" errors="0" failures="0" skipped="0" tests="27" time="4.860" timestamp="2026-08-08T22:04:04.790364+00:00" hostname="agent-env-b8fb5fc7-1474-4558-8952-0df2502f5c49"><testcase classname="tests.backend_test.TestAdminProtection" name="test_no_token[GET-/admin/courses]" time="0.481" /><testcase classname="tests.backend_test.TestCourseCRUD" name="test_create" time="0.626" /><testcase classname="tests.backend_test.TestAdminProtection" name="test_no_token[POST-/admin/courses]" time="0.134" /><testcase classname="tests.backend_test.TestAdminProtection" name="test_no_token[PUT-/admin/courses/x]" time="0.108" /><testcase classname="tests.backend_test.TestCourseCRUD" name="test_visible_in_public" time="0.101" /><testcase classname="tests.backend_test.TestAdminProtection" name="test_no_token[DELETE-/admin/courses/x]" time="0.171" /><testcase classname="tests.backend_test.TestCourseCRUD" name="test_update" time="0.104" /><testcase classname="tests.backend_test.TestCourseCRUD" name="test_toggle_inactive_hides_from_public" time="0.383" /><testcase classname="tests.backend_test.TestAdminProtection" name="test_no_token[GET-/admin/enrolments]" time="0.105" /><testcase classname="tests.backend_test.TestAdminProtection" name="test_bad_token" time="0.139" /><testcase classname="tests.backend_test.TestCourseCRUD" name="test_delete" time="0.353" /><testcase classname="tests.backend_test.TestCourseCRUD" name="test_validation_blank_name" time="0.110" /><testcase classname="tests.backend_test.TestEnrolmentValidation" name="test_invalid_email" time="0.600" /><testcase classname="tests.backend_test.TestAuth" name="test_login_success" time="0.340" /><testcase classname="tests.backend_test.TestEnrolmentValidation" name="test_invalid_age" time="0.276" /><testcase classname="tests.backend_test.TestEnrolmentValidation" name="test_short_phone" time="0.321" /><testcase classname="tests.backend_test.TestAuth" name="test_login_wrong_password" time="0.319" /><testcase classname="tests.backend_test.TestAuth" name="test_me_with_token" time="0.149" /><testcase classname="tests.backend_test.TestEnrolmentValidation" name="test_blank_name" time="0.113" /><testcase classname="tests.backend_test.TestEnrolmentValidation" name="test_bad_gender" time="0.155" /><testcase classname="tests.backend_test.TestAuth" name="test_me_without_token" time="0.100" /><testcase classname="tests.backend_test.TestEnrolmentValidation" name="test_invalid_course_id" time="0.150" /><testcase classname="tests.backend_test.TestEnrolmentOTPFlow" name="test_send_otp_success" time="0.445" /><testcase classname="tests.backend_test.TestPublicCourses" name="test_public_courses_returns_only_active" time="0.098" /><testcase classname="tests.backend_test.TestEnrolmentOTPFlow" name="test_resend_cooldown_429" time="0.098" /><testcase classname="tests.backend_test.TestEnrolmentOTPFlow" name="test_wrong_code_rejected" time="0.206" /><testcase classname="tests.backend_test.TestEnrolmentOTPFlow" name="test_verify_success_creates_enrolment" time="0.256" /></testsuite></testsuites>