<?xml version="1.0" encoding="utf-8"?><testsuites name="pytest tests"><testsuite name="pytest" errors="0" failures="0" skipped="0" tests="29" time="12.994" timestamp="2026-08-08T22:24:50.051095+00:00" hostname="agent-env-b8fb5fc7-1474-4558-8952-0df2502f5c49"><testcase classname="tests.backend_test.TestAdminProtection" name="test_no_token[GET-/admin/courses]" time="0.598" /><testcase classname="tests.backend_test.TestAuth" name="test_status_and_signup_flow" time="0.908" /><testcase classname="tests.backend_test.TestAdminProtection" name="test_no_token[POST-/admin/courses]" time="0.099" /><testcase classname="tests.backend_test.TestAdminProtection" name="test_no_token[PUT-/admin/courses/x]" time="1.141" /><testcase classname="tests.backend_test.TestAuth" name="test_second_signup_forbidden" time="0.105" /><testcase classname="tests.backend_test.TestAuth" name="test_login_success" time="0.333" /><testcase classname="tests.backend_test.TestAuth" name="test_login_wrong_password" time="0.328" /><testcase classname="tests.backend_test.TestAuth" name="test_me_with_token" time="0.100" /><testcase classname="tests.backend_test.TestAuth" name="test_me_without_token" time="0.103" /><testcase classname="tests.backend_test.TestAdminProtection" name="test_no_token[DELETE-/admin/courses/x]" time="0.102" /><testcase classname="tests.backend_test.TestCourseCRUD" name="test_create" time="0.110" /><testcase classname="tests.backend_test.TestAdminProtection" name="test_no_token[GET-/admin/enrolments]" time="0.098" /><testcase classname="tests.backend_test.TestCourseCRUD" name="test_update" time="0.100" /><testcase classname="tests.backend_test.TestAdminProtection" name="test_no_token[POST-/admin/enrolments/x/accept]" time="0.143" /><testcase classname="tests.backend_test.TestCourseCRUD" name="test_seats_min_validation" time="0.097" /><testcase classname="tests.backend_test.TestAdminProtection" name="test_bad_token" time="0.095" /><testcase classname="tests.backend_test.TestCourseCRUD" name="test_delete" time="0.271" /><testcase classname="tests.backend_test.TestSeatLimit" name="test_create_capped_course_and_fill" time="3.492" /><testcase classname="tests.backend_test.TestEnrolmentValidation" name="test_invalid_email" time="0.201" /><testcase classname="tests.backend_test.TestEnrolmentValidation" name="test_invalid_age" time="0.195" /><testcase classname="tests.backend_test.TestEnrolmentValidation" name="test_bad_gender" time="0.193" /><testcase classname="tests.backend_test.TestEnrolmentValidation" name="test_invalid_course_id" time="0.098" /><testcase classname="tests.backend_test.TestAcceptFlow" name="test_accept_pending_enrolment" time="8.334" /><testcase classname="tests.backend_test.TestSeatLimit" name="test_full_course_auto_hidden" time="0.097" /><testcase classname="tests.backend_test.TestSeatLimit" name="test_send_otp_blocked_when_full" time="0.101" /><testcase classname="tests.backend_test.TestSeatLimit" name="test_admin_still_sees_full_course" time="0.106" /><testcase classname="tests.backend_test.TestPublicCourses" name="test_public_courses_shape" time="0.115" /><testcase classname="tests.backend_test.TestAcceptFlow" name="test_accept_unknown_id_404" time="0.105" /><testcase classname="tests.backend_test.TestAcceptFlow" name="test_accept_no_token" time="0.110" /></testsuite></testsuites>